2025-04-18T11:47:44.385Z - info: [32m[DONE][0m "_rage-console" package has been loaded.
2025-04-18T11:47:44.386Z - info: [33m[INFO][0m Starting packages...
2025-04-18T11:47:44.386Z - info: [32m[DONE][0m Server packages have been started.
2025-04-18T11:47:44.387Z - error: (node:42652) Warning: Accessing non-existent property 'padLevels' of module exports inside circular dependency
(Use `ragemp-server --trace-warnings ...` to show where the warning was created)
2025-04-18T11:47:44.529Z - info: Erfolgreich mit der MySQL-Datenbank verbunden!
2025-04-18T11:50:22.708Z - info: Deacon_Saintjohn ist dem Server beigetreten.
2025-04-18T11:50:27.285Z - info: Delayed showLogin, damit CEF geladen ist...
2025-04-18T11:50:27.285Z - info: ok
2025-04-18T11:57:28.830Z - info: [32m[DONE][0m "_rage-console" package has been loaded.
2025-04-18T11:57:28.831Z - info: [33m[INFO][0m Starting packages...
2025-04-18T11:57:28.831Z - info: [32m[DONE][0m Server packages have been started.
2025-04-18T11:57:28.832Z - error: (node:44404) Warning: Accessing non-existent property 'padLevels' of module exports inside circular dependency
(Use `ragemp-server --trace-warnings ...` to show where the warning was created)
2025-04-18T11:57:28.978Z - info: Erfolgreich mit der MySQL-Datenbank verbunden!
2025-04-18T11:57:31.335Z - info: Deacon_Saintjohn ist dem Server beigetreten.
2025-04-18T11:57:34.081Z - info: Delayed showLogin, damit CEF geladen ist...
2025-04-18T11:57:34.082Z - info: ok
2025-04-18T12:15:24.729Z - info: [32m[DONE][0m "_rage-console" package has been loaded.
2025-04-18T12:15:24.730Z - info: [33m[INFO][0m Starting packages...
2025-04-18T12:15:24.730Z - info: [32m[DONE][0m Server packages have been started.
2025-04-18T12:15:24.731Z - error: (node:46024) Warning: Accessing non-existent property 'padLevels' of module exports inside circular dependency
(Use `ragemp-server --trace-warnings ...` to show where the warning was created)
2025-04-18T12:15:24.872Z - info: Erfolgreich mit der MySQL-Datenbank verbunden!
2025-04-18T12:15:31.642Z - info: Deacon_Saintjohn ist dem Server beigetreten.
2025-04-18T12:15:34.305Z - info: [2025-04-18T12:15:34.305Z] [playerReady] Deacon_Saintjohn joined with SCID=S4G_gigatev19

2025-04-18T12:15:34.306Z - info: Delayed showLogin, damit CEF geladen ist...
2025-04-18T12:15:34.306Z - info: ok
2025-04-18T12:15:34.327Z - info: [2025-04-18T12:15:34.327Z] [playerReady] Triggered showLogin for Deacon_Saintjohn

2025-04-18T12:15:34.345Z - info: [2025-04-18T12:15:34.345Z] [playerReady] New account created for SCID=S4G_gigatev19

2025-04-18T12:22:50.595Z - info: [32m[DONE][0m "_rage-console" package has been loaded.
2025-04-18T12:22:50.596Z - info: [33m[INFO][0m Starting packages...
2025-04-18T12:22:50.596Z - info: [32m[DONE][0m Server packages have been started.
2025-04-18T12:22:50.597Z - error: (node:34436) Warning: Accessing non-existent property 'padLevels' of module exports inside circular dependency
(Use `ragemp-server --trace-warnings ...` to show where the warning was created)
2025-04-18T12:22:50.745Z - info: Erfolgreich mit der MySQL-Datenbank verbunden!
2025-04-18T12:22:58.266Z - info: Deacon_Saintjohn ist dem Server beigetreten.
2025-04-18T12:23:00.994Z - info: [2025-04-18T12:23:00.994Z] [playerReady] Deacon_Saintjohn joined with SCID=S4G_gigatev19

2025-04-18T12:23:00.996Z - info: Delayed showLogin, damit CEF geladen ist...
2025-04-18T12:23:00.996Z - info: ok
2025-04-18T12:23:01.008Z - info: [2025-04-18T12:23:01.008Z] [playerReady] Existing account: discord_id=null, registered=false

2025-04-18T12:23:01.008Z - info: [2025-04-18T12:23:01.008Z] [playerReady] Triggered showLogin for Deacon_Saintjohn

2025-04-18T12:24:25.373Z - info: [32m[DONE][0m "_rage-console" package has been loaded.
2025-04-18T12:24:25.373Z - info: [33m[INFO][0m Starting packages...
2025-04-18T12:24:25.373Z - info: [32m[DONE][0m Server packages have been started.
2025-04-18T12:24:25.374Z - error: (node:35168) Warning: Accessing non-existent property 'padLevels' of module exports inside circular dependency
(Use `ragemp-server --trace-warnings ...` to show where the warning was created)
2025-04-18T12:24:25.519Z - info: Erfolgreich mit der MySQL-Datenbank verbunden!
2025-04-18T12:24:30.024Z - info: Deacon_Saintjohn ist dem Server beigetreten.
2025-04-18T12:24:32.696Z - info: [2025-04-18T12:24:32.696Z] [playerReady] Deacon_Saintjohn joined with SCID=S4G_gigatev19

2025-04-18T12:24:32.697Z - info: Delayed showLogin, damit CEF geladen ist...
2025-04-18T12:24:32.697Z - info: ok
2025-04-18T12:24:32.709Z - info: [2025-04-18T12:24:32.709Z] [playerReady] Existing account: discord_id=null, registered=false

2025-04-18T12:24:32.709Z - info: [2025-04-18T12:24:32.709Z] [playerReady] Triggered showLogin for Deacon_Saintjohn

2025-04-18T12:26:30.267Z - info: [32m[DONE][0m "_rage-console" package has been loaded.
2025-04-18T12:26:30.268Z - info: [33m[INFO][0m Starting packages...
2025-04-18T12:26:30.268Z - info: [32m[DONE][0m Server packages have been started.
2025-04-18T12:26:30.269Z - error: (node:35276) Warning: Accessing non-existent property 'padLevels' of module exports inside circular dependency
(Use `ragemp-server --trace-warnings ...` to show where the warning was created)
2025-04-18T12:26:30.470Z - info: Erfolgreich mit der MySQL-Datenbank verbunden!
2025-04-18T12:26:34.552Z - info: Deacon_Saintjohn ist dem Server beigetreten.
2025-04-18T12:26:37.424Z - info: Delayed showLogin, damit CEF geladen ist...
2025-04-18T12:26:37.424Z - info: ok
2025-04-18T12:27:47.661Z - info: [32m[DONE][0m "_rage-console" package has been loaded.
2025-04-18T12:27:47.662Z - info: [33m[INFO][0m Starting packages...
2025-04-18T12:27:47.662Z - info: [32m[DONE][0m Server packages have been started.
2025-04-18T12:27:47.663Z - error: (node:33484) Warning: Accessing non-existent property 'padLevels' of module exports inside circular dependency
(Use `ragemp-server --trace-warnings ...` to show where the warning was created)
2025-04-18T12:27:47.835Z - info: Erfolgreich mit der MySQL-Datenbank verbunden!
2025-04-18T12:27:55.245Z - info: Deacon_Saintjohn ist dem Server beigetreten.
2025-04-18T12:27:58.104Z - info: [2025-04-18T12:27:58.104Z] [playerReady] Deacon_Saintjohn joined with SCID=S4G_gigatev19

2025-04-18T12:27:58.106Z - info: Delayed showLogin, damit CEF geladen ist...
2025-04-18T12:27:58.106Z - info: ok
2025-04-18T12:27:58.120Z - info: [2025-04-18T12:27:58.120Z] [playerReady] Existing account: discord_id=null, registered=false

2025-04-18T12:27:58.121Z - info: [2025-04-18T12:27:58.121Z] [playerReady] Triggered showLogin for Deacon_Saintjohn

2025-04-18T12:29:11.032Z - info: [32m[DONE][0m "_rage-console" package has been loaded.
2025-04-18T12:29:11.033Z - info: [33m[INFO][0m Starting packages...
2025-04-18T12:29:11.033Z - info: [32m[DONE][0m Server packages have been started.
2025-04-18T12:29:11.034Z - error: (node:13492) Warning: Accessing non-existent property 'padLevels' of module exports inside circular dependency
(Use `ragemp-server --trace-warnings ...` to show where the warning was created)
2025-04-18T12:29:11.188Z - info: Erfolgreich mit der MySQL-Datenbank verbunden!
2025-04-18T12:29:13.406Z - info: Deacon_Saintjohn ist dem Server beigetreten.
2025-04-18T12:29:16.180Z - info: [2025-04-18T12:29:16.180Z] [playerReady] Deacon_Saintjohn joined with SCID=S4G_gigatev19

2025-04-18T12:29:16.182Z - info: Delayed showLogin, damit CEF geladen ist...
2025-04-18T12:29:16.182Z - info: ok
2025-04-18T12:29:16.194Z - info: [2025-04-18T12:29:16.193Z] [playerReady] Existing account: discord_id=null, registered=false

2025-04-18T12:29:16.194Z - info: [2025-04-18T12:29:16.194Z] [playerReady] Triggered showLogin for Deacon_Saintjohn

2025-04-18T12:32:05.586Z - info: Deacon_Saintjohn ist dem Server beigetreten.
2025-04-18T12:32:08.654Z - info: [2025-04-18T12:32:08.654Z] [playerReady] Deacon_Saintjohn joined with SCID=S4G_gigatev19

2025-04-18T12:32:08.655Z - info: Delayed showLogin, damit CEF geladen ist...
2025-04-18T12:32:08.655Z - info: ok
2025-04-18T12:32:08.665Z - info: [2025-04-18T12:32:08.665Z] [playerReady] Existing account: discord_id=null, registered=false

2025-04-18T12:32:08.666Z - info: [2025-04-18T12:32:08.666Z] [playerReady] Triggered showLogin for Deacon_Saintjohn

2025-04-18T12:33:50.463Z - info: [32m[DONE][0m "_rage-console" package has been loaded.
2025-04-18T12:33:50.463Z - info: [33m[INFO][0m Starting packages...
2025-04-18T12:33:50.463Z - info: [32m[DONE][0m Server packages have been started.
2025-04-18T12:33:50.464Z - error: (node:41840) Warning: Accessing non-existent property 'padLevels' of module exports inside circular dependency
(Use `ragemp-server --trace-warnings ...` to show where the warning was created)
2025-04-18T12:33:50.615Z - info: Erfolgreich mit der MySQL-Datenbank verbunden!
2025-04-18T12:33:52.337Z - info: Deacon_Saintjohn ist dem Server beigetreten.
2025-04-18T12:33:55.269Z - info: [2025-04-18T12:33:55.268Z] [playerReady] Deacon_Saintjohn joined with SCID=S4G_gigatev19

2025-04-18T12:33:55.270Z - info: Delayed showLogin, damit CEF geladen ist...
2025-04-18T12:33:55.270Z - info: ok
2025-04-18T12:33:55.281Z - info: [2025-04-18T12:33:55.281Z] [playerReady] Existing account: discord_id=null, registered=false

2025-04-18T12:33:55.281Z - info: [2025-04-18T12:33:55.281Z] [playerReady] Triggered showLogin for Deacon_Saintjohn

2025-04-18T12:35:01.320Z - info: Deacon_Saintjohn ist dem Server beigetreten.
2025-04-18T12:35:04.756Z - info: [2025-04-18T12:35:04.756Z] [playerReady] Deacon_Saintjohn joined with SCID=S4G_gigatev19

2025-04-18T12:35:04.757Z - info: Delayed showLogin, damit CEF geladen ist...
2025-04-18T12:35:04.757Z - info: ok
2025-04-18T12:35:04.766Z - info: [2025-04-18T12:35:04.765Z] [playerReady] Existing account: discord_id=null, registered=false

2025-04-18T12:35:04.767Z - info: [2025-04-18T12:35:04.767Z] [playerReady] Triggered showLogin for Deacon_Saintjohn

2025-04-18T12:37:51.065Z - info: [32m[DONE][0m "_rage-console" package has been loaded.
2025-04-18T12:37:51.065Z - info: [33m[INFO][0m Starting packages...
2025-04-18T12:37:51.065Z - info: [32m[DONE][0m Server packages have been started.
2025-04-18T12:37:51.066Z - error: (node:34336) Warning: Accessing non-existent property 'padLevels' of module exports inside circular dependency
(Use `ragemp-server --trace-warnings ...` to show where the warning was created)
2025-04-18T12:37:51.222Z - info: Erfolgreich mit der MySQL-Datenbank verbunden!
2025-04-18T12:37:53.160Z - info: Deacon_Saintjohn ist dem Server beigetreten.
2025-04-18T12:37:56.019Z - info: [2025-04-18T12:37:56.019Z] [playerReady] Deacon_Saintjohn joined with SCID=S4G_gigatev19

2025-04-18T12:37:56.020Z - info: Delayed showLogin, damit CEF geladen ist...
2025-04-18T12:37:56.020Z - info: ok
2025-04-18T12:37:56.034Z - info: [2025-04-18T12:37:56.034Z] [playerReady] Existing account: discord_id=null, registered=false

2025-04-18T12:37:56.034Z - info: [2025-04-18T12:37:56.034Z] [playerReady] Triggered showLogin for Deacon_Saintjohn

2025-04-18T12:41:45.699Z - info: [32m[DONE][0m "_rage-console" package has been loaded.
2025-04-18T12:41:45.699Z - info: [33m[INFO][0m Starting packages...
2025-04-18T12:41:45.700Z - info: [32m[DONE][0m Server packages have been started.
2025-04-18T12:41:45.700Z - error: (node:10724) Warning: Accessing non-existent property 'padLevels' of module exports inside circular dependency
(Use `ragemp-server --trace-warnings ...` to show where the warning was created)
2025-04-18T12:41:45.862Z - info: Erfolgreich mit der MySQL-Datenbank verbunden!
2025-04-18T12:41:47.523Z - info: Deacon_Saintjohn ist dem Server beigetreten.
2025-04-18T12:41:50.476Z - info: [2025-04-18T12:41:50.476Z] [playerReady] Deacon_Saintjohn joined with SCID=S4G_gigatev19

2025-04-18T12:41:50.477Z - info: Delayed showLogin, damit CEF geladen ist...
2025-04-18T12:41:50.477Z - info: ok
2025-04-18T12:41:50.485Z - info: [2025-04-18T12:41:50.485Z] [playerReady] Existing account: discord_id=null, registered=false

2025-04-18T12:41:50.485Z - info: [2025-04-18T12:41:50.485Z] [playerReady] Triggered showLogin for Deacon_Saintjohn

2025-04-18T12:51:31.843Z - info: [32m[DONE][0m "_rage-console" package has been loaded.
2025-04-18T12:51:31.844Z - info: [33m[INFO][0m Starting packages...
2025-04-18T12:51:31.844Z - info: [32m[DONE][0m Server packages have been started.
2025-04-18T12:51:31.845Z - error: (node:39884) Warning: Accessing non-existent property 'padLevels' of module exports inside circular dependency
(Use `ragemp-server --trace-warnings ...` to show where the warning was created)
2025-04-18T12:51:31.973Z - info: Erfolgreich mit der MySQL-Datenbank verbunden!
2025-04-18T12:52:57.976Z - info: Deacon_Saintjohn ist dem Server beigetreten.
2025-04-18T12:53:00.992Z - info: [2025-04-18T12:53:00.991Z] [playerReady] Deacon_Saintjohn joined with SCID=S4G_gigatev19

2025-04-18T12:53:00.993Z - info: Delayed showLogin, damit CEF geladen ist...
2025-04-18T12:53:00.993Z - info: ok
2025-04-18T12:53:01.004Z - info: [2025-04-18T12:53:01.004Z] [playerReady] Existing account: discord_id=null, registered=false

2025-04-18T12:53:01.004Z - info: [2025-04-18T12:53:01.004Z] [playerReady] Triggered showLogin for Deacon_Saintjohn

2025-04-18T13:13:45.952Z - info: [32m[DONE][0m "_rage-console" package has been loaded.
2025-04-18T13:13:45.953Z - info: [33m[INFO][0m Starting packages...
2025-04-18T13:13:45.953Z - info: [32m[DONE][0m Server packages have been started.
2025-04-18T13:13:45.954Z - error: (node:12428) Warning: Accessing non-existent property 'padLevels' of module exports inside circular dependency
(Use `ragemp-server --trace-warnings ...` to show where the warning was created)
2025-04-18T13:13:46.103Z - info: Erfolgreich mit der MySQL-Datenbank verbunden!
2025-04-18T13:13:53.423Z - info: Deacon_Saintjohn ist dem Server beigetreten.
2025-04-18T13:13:56.214Z - info: [2025-04-18T13:13:56.214Z] [playerReady] Deacon_Saintjohn joined with SCID=S4G_gigatev19

2025-04-18T13:13:56.216Z - info: Delayed showLogin, damit CEF geladen ist...
2025-04-18T13:13:56.216Z - info: ok
2025-04-18T13:13:56.225Z - info: [2025-04-18T13:13:56.225Z] [playerReady] Existing account: discord_id=null, registered=false

2025-04-18T13:13:56.225Z - info: [2025-04-18T13:13:56.225Z] [playerReady] Triggered showLogin for Deacon_Saintjohn

2025-04-18T13:15:42.290Z - info: [32m[DONE][0m "_rage-console" package has been loaded.
2025-04-18T13:15:42.291Z - info: [33m[INFO][0m Starting packages...
2025-04-18T13:15:42.291Z - info: [32m[DONE][0m Server packages have been started.
2025-04-18T13:15:42.292Z - error: (node:34084) Warning: Accessing non-existent property 'padLevels' of module exports inside circular dependency
(Use `ragemp-server --trace-warnings ...` to show where the warning was created)
2025-04-18T13:15:42.444Z - info: Erfolgreich mit der MySQL-Datenbank verbunden!
2025-04-18T13:15:44.048Z - info: Deacon_Saintjohn ist dem Server beigetreten.
2025-04-18T13:15:47.027Z - info: [2025-04-18T13:15:47.026Z] [playerReady] Deacon_Saintjohn joined with SCID=S4G_gigatev19

2025-04-18T13:15:47.028Z - info: Delayed showLogin, damit CEF geladen ist...
2025-04-18T13:15:47.028Z - info: ok
2025-04-18T13:15:47.039Z - info: [2025-04-18T13:15:47.039Z] [playerReady] Existing account: discord_id=null, registered=false

2025-04-18T13:15:47.039Z - info: [2025-04-18T13:15:47.039Z] [playerReady] Triggered showLogin for Deacon_Saintjohn

2025-04-18T13:15:55.670Z - info: [2025-04-18T13:15:55.670Z] [startDiscordRegister] Deacon_Saintjohn

2025-04-18T13:15:55.670Z - info: [2025-04-18T13:15:55.670Z] [startDiscordRegister] Sent OAuth URL to Deacon_Saintjohn

2025-04-18T13:20:06.342Z - info: Deacon_Saintjohn ist dem Server beigetreten.
2025-04-18T13:20:09.336Z - info: [2025-04-18T13:20:09.336Z] [playerReady] Deacon_Saintjohn joined with SCID=S4G_gigatev19

2025-04-18T13:20:09.337Z - info: Delayed showLogin, damit CEF geladen ist...
2025-04-18T13:20:09.337Z - info: ok
2025-04-18T13:20:09.346Z - info: [2025-04-18T13:20:09.345Z] [playerReady] Existing account: discord_id=null, registered=false

2025-04-18T13:20:09.346Z - info: [2025-04-18T13:20:09.346Z] [playerReady] Triggered showLogin for Deacon_Saintjohn

2025-04-18T13:20:11.170Z - info: [2025-04-18T13:20:11.170Z] [startDiscordRegister] Deacon_Saintjohn

2025-04-18T13:20:11.170Z - info: [2025-04-18T13:20:11.170Z] [startDiscordRegister] Sent OAuth URL to Deacon_Saintjohn

2025-04-18T13:41:59.437Z - info: [32m[DONE][0m "_rage-console" package has been loaded.
2025-04-18T13:41:59.438Z - info: [33m[INFO][0m Starting packages...
2025-04-18T13:41:59.438Z - info: [32m[DONE][0m Server packages have been started.
2025-04-18T13:41:59.438Z - error: (node:31352) Warning: Accessing non-existent property 'padLevels' of module exports inside circular dependency
(Use `ragemp-server --trace-warnings ...` to show where the warning was created)
2025-04-18T13:41:59.592Z - info: Erfolgreich mit der MySQL-Datenbank verbunden!
2025-04-18T13:42:01.359Z - info: Deacon_Saintjohn ist dem Server beigetreten.
2025-04-18T13:42:04.409Z - info: [2025-04-18T13:42:04.409Z] [playerReady] Deacon_Saintjohn joined with SCID=S4G_gigatev19

2025-04-18T13:42:04.411Z - info: Delayed showLogin, damit CEF geladen ist...
2025-04-18T13:42:04.411Z - info: ok
2025-04-18T13:42:04.422Z - info: [2025-04-18T13:42:04.422Z] [playerReady] Existing account: discord_id=null, registered=false

2025-04-18T13:42:04.422Z - info: [2025-04-18T13:42:04.422Z] [playerReady] Triggered showLogin for Deacon_Saintjohn

2025-04-18T13:56:09.141Z - info: [32m[DONE][0m "_rage-console" package has been loaded.
2025-04-18T13:56:09.141Z - info: [33m[INFO][0m Starting packages...
2025-04-18T13:56:09.142Z - info: [32m[DONE][0m Server packages have been started.
2025-04-18T13:56:09.142Z - error: (node:10244) Warning: Accessing non-existent property 'padLevels' of module exports inside circular dependency
(Use `ragemp-server --trace-warnings ...` to show where the warning was created)
2025-04-18T13:56:09.288Z - info: Erfolgreich mit der MySQL-Datenbank verbunden!
2025-04-18T13:56:13.193Z - info: Deacon_Saintjohn ist dem Server beigetreten.
2025-04-18T13:56:16.166Z - info: [2025-04-18T13:56:16.166Z] [playerReady] Deacon_Saintjohn joined with SCID=S4G_gigatev19

2025-04-18T13:56:16.168Z - info: Delayed showLogin, damit CEF geladen ist...
2025-04-18T13:56:16.168Z - info: ok
2025-04-18T13:56:16.180Z - info: [2025-04-18T13:56:16.180Z] [playerReady] Existing account: discord_id=null, registered=false

2025-04-18T13:56:16.180Z - info: [2025-04-18T13:56:16.180Z] [playerReady] Triggered showLogin for Deacon_Saintjohn

2025-04-18T13:56:17.801Z - info: [2025-04-18T13:56:17.800Z] [startDiscordRegister] Deacon_Saintjohn

2025-04-18T13:56:17.801Z - info: [2025-04-18T13:56:17.801Z] [startDiscordRegister] Sent OAuth URL to Deacon_Saintjohn

2025-04-18T14:05:40.963Z - info: [32m[DONE][0m "_rage-console" package has been loaded.
2025-04-18T14:05:40.963Z - info: [33m[INFO][0m Starting packages...
2025-04-18T14:05:40.963Z - info: [32m[DONE][0m Server packages have been started.
2025-04-18T14:05:40.964Z - error: (node:44552) Warning: Accessing non-existent property 'padLevels' of module exports inside circular dependency
(Use `ragemp-server --trace-warnings ...` to show where the warning was created)
2025-04-18T14:05:41.106Z - info: Erfolgreich mit der MySQL-Datenbank verbunden!
2025-04-18T14:05:49.428Z - info: Deacon_Saintjohn ist dem Server beigetreten.
2025-04-18T14:05:52.355Z - info: Delayed showLogin, damit CEF geladen ist...
2025-04-18T14:05:52.355Z - info: ok
2025-04-18T14:14:17.044Z - info: [32m[DONE][0m "_rage-console" package has been loaded.
2025-04-18T14:14:17.044Z - info: [33m[INFO][0m Starting packages...
2025-04-18T14:14:17.044Z - info: [32m[DONE][0m Server packages have been started.
2025-04-18T14:14:17.045Z - error: (node:32224) Warning: Accessing non-existent property 'padLevels' of module exports inside circular dependency
(Use `ragemp-server --trace-warnings ...` to show where the warning was created)
2025-04-18T14:14:17.208Z - info: Erfolgreich mit der MySQL-Datenbank verbunden!
2025-04-18T14:14:23.940Z - info: Deacon_Saintjohn ist dem Server beigetreten.
2025-04-18T14:14:26.987Z - info: Delayed showLogin, damit CEF geladen ist...
2025-04-18T14:14:26.987Z - info: ok
2025-04-18T14:25:02.427Z - info: [32m[DONE][0m "_rage-console" package has been loaded.
2025-04-18T14:25:02.428Z - info: [33m[INFO][0m Starting packages...
2025-04-18T14:25:02.428Z - info: [32m[DONE][0m Server packages have been started.
2025-04-18T14:25:02.429Z - error: (node:34108) Warning: Accessing non-existent property 'padLevels' of module exports inside circular dependency
(Use `ragemp-server --trace-warnings ...` to show where the warning was created)
2025-04-18T14:25:02.578Z - info: Erfolgreich mit der MySQL-Datenbank verbunden!
2025-04-18T14:25:10.578Z - info: Deacon_Saintjohn ist dem Server beigetreten.
2025-04-18T14:25:13.638Z - info: Delayed showLogin, damit CEF geladen ist...
2025-04-18T14:25:13.639Z - info: ok
2025-04-18T15:35:19.131Z - info: [32m[DONE][0m "_rage-console" package has been loaded.
2025-04-18T15:35:19.132Z - info: [33m[INFO][0m Starting packages...
2025-04-18T15:35:19.132Z - info: [32m[DONE][0m Server packages have been started.
2025-04-18T15:35:19.133Z - error: (node:45004) Warning: Accessing non-existent property 'padLevels' of module exports inside circular dependency
(Use `ragemp-server --trace-warnings ...` to show where the warning was created)
2025-04-18T15:35:19.273Z - info: Erfolgreich mit der MySQL-Datenbank verbunden!
2025-04-18T15:35:21.249Z - info: Deacon_Saintjohn ist dem Server beigetreten.
2025-04-18T15:35:24.363Z - info: Delayed showLogin, damit CEF geladen ist...
2025-04-18T15:35:24.363Z - info: ok
2025-04-18T15:39:35.946Z - info: [32m[DONE][0m "_rage-console" package has been loaded.
2025-04-18T15:39:35.946Z - info: [33m[INFO][0m Starting packages...
2025-04-18T15:39:35.947Z - info: [32m[DONE][0m Server packages have been started.
2025-04-18T15:39:35.947Z - error: (node:36852) Warning: Accessing non-existent property 'padLevels' of module exports inside circular dependency
(Use `ragemp-server --trace-warnings ...` to show where the warning was created)
2025-04-18T15:39:36.090Z - info: Erfolgreich mit der MySQL-Datenbank verbunden!
2025-04-18T15:39:43.819Z - info: Deacon_Saintjohn ist dem Server beigetreten.
2025-04-18T15:39:47.005Z - info: Delayed showLogin, damit CEF geladen ist...
2025-04-18T15:39:47.005Z - info: ok
2025-04-18T15:47:11.166Z - info: [32m[DONE][0m "_rage-console" package has been loaded.
2025-04-18T15:47:11.167Z - info: [33m[INFO][0m Starting packages...
2025-04-18T15:47:11.167Z - info: [32m[DONE][0m Server packages have been started.
2025-04-18T15:47:11.168Z - error: (node:24592) Warning: Accessing non-existent property 'padLevels' of module exports inside circular dependency
(Use `ragemp-server --trace-warnings ...` to show where the warning was created)
2025-04-18T15:47:11.315Z - info: Erfolgreich mit der MySQL-Datenbank verbunden!
2025-04-18T15:47:19.521Z - info: Deacon_Saintjohn ist dem Server beigetreten.
2025-04-18T15:47:22.668Z - info: [2025-04-18T15:47:22.668Z] [playerReady] Deacon_Saintjohn (SCID=S4G_gigatev19) connected

2025-04-18T15:47:22.669Z - info: Delayed showLogin, damit CEF geladen ist...
2025-04-18T15:47:22.669Z - info: ok
2025-04-18T15:47:22.681Z - info: [2025-04-18T15:47:22.681Z] [playerReady] Found account, discord_id=null, registered=false

2025-04-18T15:47:24.140Z - info: [2025-04-18T15:47:24.140Z] [startDiscordRegister] Deacon_Saintjohn requested registration

2025-04-18T15:47:24.141Z - info: [2025-04-18T15:47:24.140Z] [startDiscordRegister] Sent OAuth URL to Deacon_Saintjohn

2025-04-18T15:54:55.510Z - info: [32m[DONE][0m "_rage-console" package has been loaded.
2025-04-18T15:54:55.511Z - info: [33m[INFO][0m Starting packages...
2025-04-18T15:54:55.511Z - info: [32m[DONE][0m Server packages have been started.
2025-04-18T15:54:55.512Z - info: [HTTP] OAuth‑Callback listener läuft auf Port 22005
2025-04-18T15:54:55.512Z - error: (node:42276) Warning: Accessing non-existent property 'padLevels' of module exports inside circular dependency
(Use `ragemp-server --trace-warnings ...` to show where the warning was created)
2025-04-18T15:54:55.654Z - info: Erfolgreich mit der MySQL-Datenbank verbunden!
2025-04-18T15:55:03.677Z - info: Deacon_Saintjohn ist dem Server beigetreten.
2025-04-18T15:55:06.903Z - info: [2025-04-18T15:55:06.902Z] [playerReady] Deacon_Saintjohn (SCID=S4G_gigatev19) connected

2025-04-18T15:55:06.904Z - info: Delayed showLogin, damit CEF geladen ist...
2025-04-18T15:55:06.904Z - info: ok
2025-04-18T15:55:06.917Z - info: [2025-04-18T15:55:06.917Z] [playerReady] Found account, discord_id=null, registered=false

2025-04-18T15:55:10.697Z - info: [2025-04-18T15:55:10.696Z] [startDiscordRegister] Deacon_Saintjohn requested registration

2025-04-18T15:55:10.697Z - info: [2025-04-18T15:55:10.697Z] [startDiscordRegister] Sent OAuth URL to Deacon_Saintjohn

2025-04-18T15:55:16.310Z - info: [HTTP] POST /oauth/callback reçu
2025-04-18T15:55:16.311Z - info: [HTTP] Body vollständig: {"socialClub":"S4G_gigatev19","discordId":"374128896934936608"}
2025-04-18T15:55:16.311Z - info: [HTTP] Parsed callback: socialClub=S4G_gigatev19, discordId=374128896934936608
2025-04-18T15:55:16.322Z - info: [HTTP] Spieler gefunden: Deacon_Saintjohn
2025-04-18T16:14:23.910Z - info: [32m[DONE][0m "_rage-console" package has been loaded.
2025-04-18T16:14:23.911Z - info: [33m[INFO][0m Starting packages...
2025-04-18T16:14:23.911Z - info: [32m[DONE][0m Server packages have been started.
2025-04-18T16:14:23.912Z - info: [2025-04-18T16:14:23.912Z] [HTTP] OAuth‑Callback listener auf Port 22005

2025-04-18T16:14:23.912Z - error: (node:26436) Warning: Accessing non-existent property 'padLevels' of module exports inside circular dependency
(Use `ragemp-server --trace-warnings ...` to show where the warning was created)
2025-04-18T16:14:24.056Z - info: Erfolgreich mit der MySQL-Datenbank verbunden!
2025-04-18T16:14:28.476Z - info: Deacon_Saintjohn ist dem Server beigetreten.
2025-04-18T16:14:31.729Z - info: [2025-04-18T16:14:31.729Z] [playerReady] Deacon_Saintjohn (SCID=S4G_gigatev19) connected

2025-04-18T16:14:31.730Z - info: Delayed showLogin, damit CEF geladen ist...
2025-04-18T16:14:31.730Z - info: ok
2025-04-18T16:14:31.741Z - info: [2025-04-18T16:14:31.741Z] [playerReady] Found account, registered=true

2025-04-18T16:14:31.750Z - info: [2025-04-18T16:14:31.750Z] [finishLogin] Spawning Deacon_Saintjohn

2025-04-18T16:14:36.039Z - info: [2025-04-18T16:14:36.038Z] [startDiscordRegister] Deacon_Saintjohn

2025-04-18T16:14:36.039Z - info: [2025-04-18T16:14:36.039Z] [startDiscordRegister] Sent OAuth URL to Deacon_Saintjohn

2025-04-18T16:14:41.115Z - info: [2025-04-18T16:14:41.115Z] [HTTP] POST /oauth/callback

2025-04-18T16:14:41.116Z - info: [2025-04-18T16:14:41.116Z] [HTTP] Body vollständig: {"socialClub":"S4G_gigatev19","discordId":"374128896934936608"}

2025-04-18T16:14:41.116Z - info: [2025-04-18T16:14:41.116Z] [HTTP] Parsed callback: SCID=S4G_gigatev19, DiscordID=374128896934936608

2025-04-18T16:14:41.130Z - info: [2025-04-18T16:14:41.130Z] [HTTP] Spieler gefunden: Deacon_Saintjohn

2025-04-18T16:14:41.155Z - info: [2025-04-18T16:14:41.155Z] [finishLogin] Spawning Deacon_Saintjohn

2025-04-18T16:14:58.156Z - info: Deacon_Saintjohn ist dem Server beigetreten.
2025-04-18T16:15:01.267Z - info: [2025-04-18T16:15:01.267Z] [playerReady] Deacon_Saintjohn (SCID=S4G_gigatev19) connected

2025-04-18T16:15:01.268Z - info: Delayed showLogin, damit CEF geladen ist...
2025-04-18T16:15:01.268Z - info: ok
2025-04-18T16:15:01.278Z - info: [2025-04-18T16:15:01.277Z] [playerReady] Found account, registered=true

2025-04-18T16:15:01.297Z - info: [2025-04-18T16:15:01.297Z] [finishLogin] Spawning Deacon_Saintjohn

2025-04-18T16:16:09.298Z - info: [2025-04-18T16:16:09.298Z] [startDiscordRegister] Deacon_Saintjohn

2025-04-18T16:16:09.298Z - info: [2025-04-18T16:16:09.298Z] [startDiscordRegister] Sent OAuth URL to Deacon_Saintjohn

2025-04-18T16:16:14.709Z - info: [2025-04-18T16:16:14.709Z] [HTTP] POST /oauth/callback

2025-04-18T16:16:14.709Z - info: [2025-04-18T16:16:14.709Z] [HTTP] Body vollständig: {"socialClub":"S4G_gigatev19","discordId":"374128896934936608"}

2025-04-18T16:16:14.709Z - info: [2025-04-18T16:16:14.709Z] [HTTP] Parsed callback: SCID=S4G_gigatev19, DiscordID=374128896934936608

2025-04-18T16:16:14.722Z - info: [2025-04-18T16:16:14.721Z] [HTTP] Spieler gefunden: Deacon_Saintjohn

2025-04-18T16:16:14.735Z - info: [2025-04-18T16:16:14.734Z] [finishLogin] Spawning Deacon_Saintjohn

2025-04-18T16:16:26.778Z - info: Deacon_Saintjohn ist dem Server beigetreten.
2025-04-18T16:16:30.046Z - info: [2025-04-18T16:16:30.046Z] [playerReady] Deacon_Saintjohn (SCID=S4G_gigatev19) connected

2025-04-18T16:16:30.047Z - info: Delayed showLogin, damit CEF geladen ist...
2025-04-18T16:16:30.047Z - info: ok
2025-04-18T16:16:30.057Z - info: [2025-04-18T16:16:30.057Z] [playerReady] Found account, registered=true

2025-04-18T16:16:30.070Z - info: [2025-04-18T16:16:30.070Z] [finishLogin] Spawning Deacon_Saintjohn

2025-04-18T17:29:38.871Z - info: Deacon_Saintjohn ist dem Server beigetreten.
2025-04-18T17:29:41.967Z - info: [2025-04-18T17:29:41.967Z] [playerReady] Deacon_Saintjohn (SCID=S4G_gigatev19) connected

2025-04-18T17:29:41.969Z - info: Delayed showLogin, damit CEF geladen ist...
2025-04-18T17:29:41.969Z - info: ok
2025-04-18T17:29:41.978Z - info: [2025-04-18T17:29:41.978Z] [playerReady] Found account, registered=true

2025-04-18T17:29:41.992Z - info: [2025-04-18T17:29:41.992Z] [finishLogin] Spawning Deacon_Saintjohn

2025-04-18T17:29:59.390Z - info: [32m[DONE][0m "_rage-console" package has been loaded.
2025-04-18T17:29:59.391Z - info: [33m[INFO][0m Starting packages...
2025-04-18T17:29:59.391Z - info: [32m[DONE][0m Server packages have been started.
2025-04-18T17:29:59.392Z - info: [2025-04-18T17:29:59.392Z] [HTTP] OAuth‑Callback listener auf Port 22005

2025-04-18T17:29:59.392Z - error: (node:13332) Warning: Accessing non-existent property 'padLevels' of module exports inside circular dependency
(Use `ragemp-server --trace-warnings ...` to show where the warning was created)
2025-04-18T17:29:59.539Z - info: Erfolgreich mit der MySQL-Datenbank verbunden!
2025-04-18T17:30:07.604Z - info: Deacon_Saintjohn ist dem Server beigetreten.
2025-04-18T17:30:10.703Z - info: [2025-04-18T17:30:10.702Z] [playerReady] Deacon_Saintjohn (SCID=S4G_gigatev19) connected

2025-04-18T17:30:10.704Z - info: Delayed showLogin, damit CEF geladen ist...
2025-04-18T17:30:10.704Z - info: ok
2025-04-18T17:30:10.714Z - info: [2025-04-18T17:30:10.714Z] [playerReady] Found account, registered=true

2025-04-18T17:30:10.731Z - info: [2025-04-18T17:30:10.731Z] [finishLogin] Spawning Deacon_Saintjohn

2025-04-18T17:30:10.880Z - info: [2025-04-18T17:30:10.879Z] [checkDiscordStatus] Deacon_Saintjohn fragt Status ab

2025-04-18T17:30:10.891Z - info: [2025-04-18T17:30:10.891Z] [checkDiscordStatus] Deacon_Saintjohn => registered=true

2025-04-18T17:30:10.904Z - info: [2025-04-18T17:30:10.904Z] [finishLogin] Spawning Deacon_Saintjohn

2025-04-18T17:34:46.604Z - info: [32m[DONE][0m "_rage-console" package has been loaded.
2025-04-18T17:34:46.605Z - info: [33m[INFO][0m Starting packages...
2025-04-18T17:34:46.605Z - info: [32m[DONE][0m Server packages have been started.
2025-04-18T17:34:46.606Z - info: [2025-04-18T17:34:46.605Z] [HTTP] OAuth‑Callback listener auf Port 22005

2025-04-18T17:34:46.606Z - error: (node:13740) Warning: Accessing non-existent property 'padLevels' of module exports inside circular dependency
(Use `ragemp-server --trace-warnings ...` to show where the warning was created)
2025-04-18T17:34:46.756Z - info: Erfolgreich mit der MySQL-Datenbank verbunden!
2025-04-18T17:34:48.505Z - info: Deacon_Saintjohn ist dem Server beigetreten.
2025-04-18T17:34:51.898Z - info: [2025-04-18T17:34:51.898Z] [playerReady] Deacon_Saintjohn (SCID=S4G_gigatev19) connected

2025-04-18T17:34:51.899Z - info: Delayed showLogin, damit CEF geladen ist...
2025-04-18T17:34:51.900Z - info: ok
2025-04-18T17:34:51.910Z - info: [2025-04-18T17:34:51.910Z] [playerReady] Found account, registered=true

2025-04-18T17:34:51.919Z - info: [2025-04-18T17:34:51.918Z] [finishLogin] Spawning Deacon_Saintjohn

2025-04-18T17:34:52.112Z - info: [2025-04-18T17:34:52.111Z] [checkDiscordStatus] Deacon_Saintjohn fragt Status ab

2025-04-18T17:34:52.123Z - info: [2025-04-18T17:34:52.123Z] [checkDiscordStatus] Deacon_Saintjohn => registered=true

2025-04-18T17:34:52.136Z - info: [2025-04-18T17:34:52.136Z] [finishLogin] Spawning Deacon_Saintjohn

2025-04-18T19:17:44.598Z - info: [32m[DONE][0m "_rage-console" package has been loaded.
2025-04-18T19:17:44.599Z - info: [33m[INFO][0m Starting packages...
2025-04-18T19:17:44.599Z - info: [32m[DONE][0m Server packages have been started.
2025-04-18T19:17:44.601Z - info: [2025-04-18T19:17:44.600Z] [HTTP] OAuth‑Callback listener läuft auf Port 22005

2025-04-18T19:17:44.601Z - error: (node:12296) Warning: Accessing non-existent property 'padLevels' of module exports inside circular dependency
(Use `ragemp-server --trace-warnings ...` to show where the warning was created)
2025-04-18T19:17:44.749Z - info: Erfolgreich mit der MySQL-Datenbank verbunden!
2025-04-18T19:17:47.604Z - info: [2025-04-18T19:17:47.603Z] Deacon_Saintjohn ist dem Server beigetreten.

2025-04-18T19:17:56.054Z - info: [2025-04-18T19:17:56.054Z] [playerReady] Deacon_Saintjohn SCID=S4G_gigatev19

2025-04-18T19:17:56.096Z - info: [2025-04-18T19:17:56.096Z] [playerReady] Existing account, registered=true

2025-04-18T19:19:24.818Z - info: [32m[DONE][0m "_rage-console" package has been loaded.
2025-04-18T19:19:24.819Z - info: [33m[INFO][0m Starting packages...
2025-04-18T19:19:24.819Z - info: [32m[DONE][0m Server packages have been started.
2025-04-18T19:19:24.820Z - info: [2025-04-18T19:19:24.820Z] [HTTP] OAuth‑Callback listener läuft auf Port 22005

2025-04-18T19:19:24.821Z - error: (node:13324) Warning: Accessing non-existent property 'padLevels' of module exports inside circular dependency
(Use `ragemp-server --trace-warnings ...` to show where the warning was created)
2025-04-18T19:19:24.979Z - info: Erfolgreich mit der MySQL-Datenbank verbunden!
2025-04-18T19:19:32.429Z - info: [2025-04-18T19:19:32.429Z] Deacon_Saintjohn ist dem Server beigetreten.

2025-04-18T19:19:40.833Z - info: [2025-04-18T19:19:40.833Z] [playerReady] Deacon_Saintjohn SCID=S4G_gigatev19

2025-04-18T19:19:40.873Z - info: [2025-04-18T19:19:40.873Z] [playerReady] Existing account, registered=true

2025-04-18T19:20:48.980Z - info: [32m[DONE][0m "_rage-console" package has been loaded.
2025-04-18T19:20:48.981Z - info: [33m[INFO][0m Starting packages...
2025-04-18T19:20:48.981Z - info: [32m[DONE][0m Server packages have been started.
2025-04-18T19:20:48.982Z - info: [2025-04-18T19:20:48.982Z] [HTTP] OAuth‑Callback listener läuft auf Port 22005

2025-04-18T19:20:48.983Z - error: (node:13844) Warning: Accessing non-existent property 'padLevels' of module exports inside circular dependency
(Use `ragemp-server --trace-warnings ...` to show where the warning was created)
2025-04-18T19:20:49.155Z - info: Erfolgreich mit der MySQL-Datenbank verbunden!
2025-04-18T19:20:57.637Z - info: [2025-04-18T19:20:57.637Z] Deacon_Saintjohn ist dem Server beigetreten.

2025-04-18T19:21:05.986Z - info: [2025-04-18T19:21:05.985Z] [playerReady] Deacon_Saintjohn SCID=S4G_gigatev19

2025-04-18T19:21:06.031Z - info: [2025-04-18T19:21:06.031Z] [playerReady] Existing account, registered=true

2025-04-18T19:22:46.025Z - info: [32m[DONE][0m "_rage-console" package has been loaded.
2025-04-18T19:22:46.026Z - info: [33m[INFO][0m Starting packages...
2025-04-18T19:22:46.026Z - info: [32m[DONE][0m Server packages have been started.
2025-04-18T19:22:46.026Z - info: [2025-04-18T19:22:46.026Z] [HTTP] OAuth‑Callback listener läuft auf Port 22005

2025-04-18T19:22:46.027Z - error: (node:19756) Warning: Accessing non-existent property 'padLevels' of module exports inside circular dependency
(Use `ragemp-server --trace-warnings ...` to show where the warning was created)
2025-04-18T19:22:46.179Z - info: Erfolgreich mit der MySQL-Datenbank verbunden!
2025-04-18T19:22:55.029Z - info: [2025-04-18T19:22:55.028Z] Deacon_Saintjohn ist dem Server beigetreten.

2025-04-18T19:23:03.515Z - info: [2025-04-18T19:23:03.514Z] [playerReady] Deacon_Saintjohn SCID=S4G_gigatev19

2025-04-18T19:23:03.560Z - info: [2025-04-18T19:23:03.560Z] [playerReady] Existing account, registered=true

2025-04-18T20:19:28.881Z - info: [32m[DONE][0m "_rage-console" package has been loaded.
2025-04-18T20:19:28.883Z - info: [33m[INFO][0m Starting packages...
2025-04-18T20:19:28.883Z - info: [32m[DONE][0m Server packages have been started.
2025-04-18T20:19:28.884Z - info: [2025-04-18T20:19:28.884Z] [HTTP] OAuth‑Callback listener läuft auf Port 22005

2025-04-18T20:19:28.884Z - error: (node:26260) Warning: Accessing non-existent property 'padLevels' of module exports inside circular dependency
(Use `ragemp-server --trace-warnings ...` to show where the warning was created)
2025-04-18T20:19:29.071Z - info: Erfolgreich mit der MySQL-Datenbank verbunden!
2025-04-18T20:19:37.221Z - info: [2025-04-18T20:19:37.221Z] Deacon_Saintjohn ist dem Server beigetreten.

2025-04-18T20:19:41.232Z - info: [2025-04-18T20:19:41.232Z] [playerReady] Deacon_Saintjohn SCID=S4G_gigatev19

2025-04-18T20:19:41.280Z - info: [2025-04-18T20:19:41.279Z] [playerReady] Existing account, registered=true

2025-04-18T20:19:41.291Z - info: [2025-04-18T20:19:41.291Z] [finishLogin] für Deacon_Saintjohn (SCID=S4G_gigatev19)

2025-04-18T20:19:41.306Z - info: [2025-04-18T20:19:41.305Z] [finishLogin] CharCreator für Deacon_Saintjohn geöffnet

2025-04-18T20:19:41.485Z - info: [2025-04-18T20:19:41.485Z] [checkDiscordStatus] Deacon_Saintjohn SCID=S4G_gigatev19

2025-04-18T20:19:41.498Z - info: [2025-04-18T20:19:41.498Z] [checkDiscordStatus] registered=true

2025-04-18T20:19:41.525Z - info: [2025-04-18T20:19:41.524Z] [finishLogin] für Deacon_Saintjohn (SCID=S4G_gigatev19)

2025-04-18T20:19:41.542Z - info: [2025-04-18T20:19:41.542Z] [finishLogin] CharCreator für Deacon_Saintjohn geöffnet

2025-04-18T20:21:30.640Z - info: [2025-04-18T20:21:30.639Z] Deacon_Saintjohn ist dem Server beigetreten.

2025-04-18T20:21:33.591Z - info: [2025-04-18T20:21:33.590Z] [playerReady] Deacon_Saintjohn SCID=S4G_gigatev19

2025-04-18T20:21:33.604Z - info: [2025-04-18T20:21:33.604Z] [playerReady] Existing account, registered=true

2025-04-18T20:21:33.618Z - info: [2025-04-18T20:21:33.617Z] [finishLogin] für Deacon_Saintjohn (SCID=S4G_gigatev19)

2025-04-18T20:21:33.629Z - info: [2025-04-18T20:21:33.629Z] [finishLogin] CharCreator für Deacon_Saintjohn geöffnet

2025-04-18T20:21:33.846Z - info: [2025-04-18T20:21:33.845Z] [checkDiscordStatus] Deacon_Saintjohn SCID=S4G_gigatev19

2025-04-18T20:21:33.858Z - info: [2025-04-18T20:21:33.858Z] [checkDiscordStatus] registered=true

2025-04-18T20:21:33.870Z - info: [2025-04-18T20:21:33.870Z] [finishLogin] für Deacon_Saintjohn (SCID=S4G_gigatev19)

2025-04-18T20:21:33.885Z - info: [2025-04-18T20:21:33.885Z] [finishLogin] CharCreator für Deacon_Saintjohn geöffnet

2025-04-18T20:24:53.393Z - info: [32m[DONE][0m "_rage-console" package has been loaded.
2025-04-18T20:24:53.394Z - info: [33m[INFO][0m Starting packages...
2025-04-18T20:24:53.394Z - info: [32m[DONE][0m Server packages have been started.
2025-04-18T20:24:53.395Z - info: [2025-04-18T20:24:53.395Z] [HTTP] OAuth‑Callback listener läuft auf Port 22005

2025-04-18T20:24:53.395Z - error: (node:40812) Warning: Accessing non-existent property 'padLevels' of module exports inside circular dependency
(Use `ragemp-server --trace-warnings ...` to show where the warning was created)
2025-04-18T20:24:53.544Z - info: Erfolgreich mit der MySQL-Datenbank verbunden!
2025-04-18T20:25:01.786Z - info: [2025-04-18T20:25:01.785Z] Deacon_Saintjohn ist dem Server beigetreten.

2025-04-18T20:25:04.549Z - info: [2025-04-18T20:25:04.549Z] [playerReady] Deacon_Saintjohn SCID=S4G_gigatev19

2025-04-18T20:25:04.601Z - info: [2025-04-18T20:25:04.601Z] [playerReady] Existing account, registered=true

2025-04-18T20:25:04.627Z - info: [2025-04-18T20:25:04.627Z] [finishLogin] für Deacon_Saintjohn (SCID=S4G_gigatev19)

2025-04-18T20:25:04.645Z - info: [2025-04-18T20:25:04.645Z] [finishLogin] CharCreator für Deacon_Saintjohn geöffnet

2025-04-18T20:25:04.794Z - info: [2025-04-18T20:25:04.794Z] [checkDiscordStatus] Deacon_Saintjohn SCID=S4G_gigatev19

2025-04-18T20:25:04.809Z - info: [2025-04-18T20:25:04.809Z] [checkDiscordStatus] registered=true

2025-04-18T20:25:04.854Z - info: [2025-04-18T20:25:04.854Z] [finishLogin] für Deacon_Saintjohn (SCID=S4G_gigatev19)

2025-04-18T20:25:04.868Z - info: [2025-04-18T20:25:04.867Z] [finishLogin] CharCreator für Deacon_Saintjohn geöffnet

2025-04-18T20:29:31.170Z - info: [32m[DONE][0m "_rage-console" package has been loaded.
2025-04-18T20:29:31.171Z - info: [33m[INFO][0m Starting packages...
2025-04-18T20:29:31.171Z - info: [32m[DONE][0m Server packages have been started.
2025-04-18T20:29:31.172Z - info: [2025-04-18T20:29:31.172Z] [HTTP] OAuth‑Callback listener läuft auf Port 22005

2025-04-18T20:29:31.172Z - error: (node:2844) Warning: Accessing non-existent property 'padLevels' of module exports inside circular dependency
(Use `ragemp-server --trace-warnings ...` to show where the warning was created)
2025-04-18T20:29:31.323Z - info: Erfolgreich mit der MySQL-Datenbank verbunden!
2025-04-18T20:29:39.672Z - info: [2025-04-18T20:29:39.672Z] Deacon_Saintjohn ist dem Server beigetreten.

2025-04-18T20:29:42.535Z - info: [2025-04-18T20:29:42.535Z] [playerReady] Deacon_Saintjohn SCID=S4G_gigatev19

2025-04-18T20:29:42.581Z - info: [2025-04-18T20:29:42.580Z] [playerReady] Existing account, registered=true

2025-04-18T20:29:42.595Z - info: [2025-04-18T20:29:42.595Z] [finishLogin] für Deacon_Saintjohn (SCID=S4G_gigatev19)

2025-04-18T20:29:42.607Z - info: [2025-04-18T20:29:42.607Z] [finishLogin] CharCreator für Deacon_Saintjohn geöffnet

2025-04-18T20:29:42.751Z - info: [2025-04-18T20:29:42.751Z] [checkDiscordStatus] Deacon_Saintjohn SCID=S4G_gigatev19

2025-04-18T20:29:42.765Z - info: [2025-04-18T20:29:42.765Z] [checkDiscordStatus] registered=true

2025-04-18T20:29:42.777Z - info: [2025-04-18T20:29:42.777Z] [finishLogin] für Deacon_Saintjohn (SCID=S4G_gigatev19)

2025-04-18T20:29:42.790Z - info: [2025-04-18T20:29:42.790Z] [finishLogin] CharCreator für Deacon_Saintjohn geöffnet

2025-04-18T20:31:59.352Z - info: [2025-04-18T20:31:59.352Z] Deacon_Saintjohn ist dem Server beigetreten.

2025-04-18T20:32:02.448Z - info: [2025-04-18T20:32:02.448Z] [playerReady] Deacon_Saintjohn SCID=S4G_gigatev19

2025-04-18T20:32:02.459Z - info: [2025-04-18T20:32:02.458Z] [playerReady] Existing account, registered=true

2025-04-18T20:32:02.475Z - info: [2025-04-18T20:32:02.474Z] [finishLogin] für Deacon_Saintjohn (SCID=S4G_gigatev19)

2025-04-18T20:32:02.487Z - info: [2025-04-18T20:32:02.486Z] [finishLogin] CharCreator für Deacon_Saintjohn geöffnet

2025-04-18T20:32:02.522Z - info: [2025-04-18T20:32:02.522Z] [checkDiscordStatus] Deacon_Saintjohn SCID=S4G_gigatev19

2025-04-18T20:32:02.533Z - info: [2025-04-18T20:32:02.533Z] [checkDiscordStatus] registered=true

2025-04-18T20:32:02.547Z - info: [2025-04-18T20:32:02.547Z] [finishLogin] für Deacon_Saintjohn (SCID=S4G_gigatev19)

2025-04-18T20:32:02.560Z - info: [2025-04-18T20:32:02.559Z] [finishLogin] CharCreator für Deacon_Saintjohn geöffnet

2025-04-18T20:58:01.193Z - info: [32m[DONE][0m "_rage-console" package has been loaded.
2025-04-18T20:58:01.193Z - info: [33m[INFO][0m Starting packages...
2025-04-18T20:58:01.194Z - info: [32m[DONE][0m Server packages have been started.
2025-04-18T20:58:01.194Z - info: [2025-04-18T20:58:01.194Z] [HTTP] OAuth‑Callback listener läuft auf Port 22005

2025-04-18T20:58:01.195Z - error: (node:45180) Warning: Accessing non-existent property 'padLevels' of module exports inside circular dependency
(Use `ragemp-server --trace-warnings ...` to show where the warning was created)
2025-04-18T20:58:01.345Z - info: Erfolgreich mit der MySQL-Datenbank verbunden!
2025-04-18T20:58:09.338Z - info: [2025-04-18T20:58:09.337Z] Deacon_Saintjohn ist dem Server beigetreten.

2025-04-18T20:58:12.223Z - info: [2025-04-18T20:58:12.223Z] [playerReady] Deacon_Saintjohn SCID=S4G_gigatev19

2025-04-18T20:58:12.265Z - info: [2025-04-18T20:58:12.265Z] [playerReady] Existing account, registered=true

2025-04-18T20:58:12.279Z - info: [2025-04-18T20:58:12.279Z] [finishLogin] für Deacon_Saintjohn (SCID=S4G_gigatev19)

2025-04-18T20:58:12.280Z - info: [2025-04-18T20:58:12.280Z] [checkDiscordStatus] Deacon_Saintjohn SCID=S4G_gigatev19

2025-04-18T20:58:12.290Z - info: [2025-04-18T20:58:12.290Z] [finishLogin] CharCreator für Deacon_Saintjohn geöffnet

2025-04-18T20:58:12.314Z - info: [2025-04-18T20:58:12.314Z] [checkDiscordStatus] registered=true

2025-04-18T20:58:12.339Z - info: [2025-04-18T20:58:12.338Z] [finishLogin] für Deacon_Saintjohn (SCID=S4G_gigatev19)

2025-04-18T20:58:12.372Z - info: [2025-04-18T20:58:12.372Z] [finishLogin] CharCreator für Deacon_Saintjohn geöffnet

2025-04-18T21:04:24.095Z - info: [2025-04-18T21:04:24.094Z] Deacon_Saintjohn ist dem Server beigetreten.

2025-04-18T21:04:27.195Z - info: [2025-04-18T21:04:27.195Z] [playerReady] Deacon_Saintjohn SCID=S4G_gigatev19

2025-04-18T21:04:27.207Z - info: [2025-04-18T21:04:27.206Z] [playerReady] Existing account, registered=true

2025-04-18T21:04:27.219Z - info: [2025-04-18T21:04:27.219Z] [finishLogin] für Deacon_Saintjohn (SCID=S4G_gigatev19)

2025-04-18T21:04:27.237Z - info: [2025-04-18T21:04:27.237Z] [finishLogin] CharCreator für Deacon_Saintjohn geöffnet

2025-04-18T21:04:27.348Z - info: [2025-04-18T21:04:27.348Z] [checkDiscordStatus] Deacon_Saintjohn SCID=S4G_gigatev19

2025-04-18T21:04:27.362Z - info: [2025-04-18T21:04:27.362Z] [checkDiscordStatus] registered=true

2025-04-18T21:04:27.385Z - info: [2025-04-18T21:04:27.385Z] [finishLogin] für Deacon_Saintjohn (SCID=S4G_gigatev19)

2025-04-18T21:04:27.400Z - info: [2025-04-18T21:04:27.399Z] [finishLogin] CharCreator für Deacon_Saintjohn geöffnet

2025-04-18T21:17:21.316Z - info: [2025-04-18T21:17:21.316Z] Deacon_Saintjohn ist dem Server beigetreten.

2025-04-18T21:17:24.359Z - info: [2025-04-18T21:17:24.359Z] [playerReady] Deacon_Saintjohn SCID=S4G_gigatev19

2025-04-18T21:17:24.374Z - info: [2025-04-18T21:17:24.374Z] [playerReady] Existing account, registered=true

2025-04-18T21:17:24.454Z - info: [2025-04-18T21:17:24.454Z] [finishLogin] für Deacon_Saintjohn (SCID=S4G_gigatev19)

2025-04-18T21:17:24.466Z - info: [2025-04-18T21:17:24.466Z] [finishLogin] CharCreator für Deacon_Saintjohn geöffnet

2025-04-18T21:17:24.684Z - info: [2025-04-18T21:17:24.683Z] [checkDiscordStatus] Deacon_Saintjohn SCID=S4G_gigatev19

2025-04-18T21:17:24.713Z - info: [2025-04-18T21:17:24.713Z] [checkDiscordStatus] registered=true

2025-04-18T21:17:24.729Z - info: [2025-04-18T21:17:24.728Z] [finishLogin] für Deacon_Saintjohn (SCID=S4G_gigatev19)

2025-04-18T21:17:24.762Z - info: [2025-04-18T21:17:24.762Z] [finishLogin] CharCreator für Deacon_Saintjohn geöffnet

2025-04-18T21:17:43.357Z - info: [2025-04-18T21:17:43.357Z] WeirdNewbie ist dem Server beigetreten.

2025-04-18T21:17:48.374Z - info: [2025-04-18T21:17:48.374Z] [playerReady] WeirdNewbie SCID=GinMask

2025-04-18T21:17:48.398Z - info: [2025-04-18T21:17:48.398Z] [playerReady] Created new account for SCID=GinMask

2025-04-18T21:17:48.441Z - info: [2025-04-18T21:17:48.441Z] [checkDiscordStatus] WeirdNewbie SCID=GinMask

2025-04-18T21:17:48.453Z - info: [2025-04-18T21:17:48.453Z] [checkDiscordStatus] registered=false

2025-04-18T21:17:54.817Z - info: [2025-04-18T21:17:54.817Z] [startDiscordRegister] WeirdNewbie SCID=GinMask

2025-04-18T21:17:54.817Z - info: [2025-04-18T21:17:54.817Z] [startDiscordRegister] Sent OAuth URL to WeirdNewbie

2025-04-18T21:34:18.919Z - info: [32m[DONE][0m "_rage-console" package has been loaded.
2025-04-18T21:34:18.920Z - info: [33m[INFO][0m Starting packages...
2025-04-18T21:34:18.920Z - info: [32m[DONE][0m Server packages have been started.
2025-04-18T21:34:18.921Z - info: [2025-04-18T21:34:18.921Z] [HTTP] OAuth‑Callback listener läuft auf Port 22005

2025-04-18T21:34:18.921Z - error: (node:36776) Warning: Accessing non-existent property 'padLevels' of module exports inside circular dependency
(Use `ragemp-server --trace-warnings ...` to show where the warning was created)
2025-04-18T21:34:19.051Z - info: Erfolgreich mit der MySQL-Datenbank verbunden!
2025-04-18T21:42:46.600Z - info: [32m[DONE][0m "_rage-console" package has been loaded.
2025-04-18T21:42:46.600Z - info: [33m[INFO][0m Starting packages...
2025-04-18T21:42:46.600Z - info: [32m[DONE][0m Server packages have been started.
2025-04-18T21:42:46.601Z - info: [2025-04-18T21:42:46.601Z] [HTTP] OAuth‑Callback listener läuft auf Port 22005

2025-04-18T21:42:46.602Z - error: (node:43448) Warning: Accessing non-existent property 'padLevels' of module exports inside circular dependency
(Use `ragemp-server --trace-warnings ...` to show where the warning was created)
2025-04-18T21:42:46.732Z - info: Erfolgreich mit der MySQL-Datenbank verbunden!
2025-04-18T21:48:01.348Z - info: [32m[DONE][0m "_rage-console" package has been loaded.
2025-04-18T21:48:01.349Z - info: [33m[INFO][0m Starting packages...
2025-04-18T21:48:01.349Z - info: [32m[DONE][0m Server packages have been started.
2025-04-18T21:48:01.349Z - info: [2025-04-18T21:48:01.349Z] [HTTP] OAuth‑Callback listener läuft auf Port 22005

2025-04-18T21:48:01.350Z - error: (node:22692) Warning: Accessing non-existent property 'padLevels' of module exports inside circular dependency
(Use `ragemp-server --trace-warnings ...` to show where the warning was created)
2025-04-18T21:48:01.476Z - info: Erfolgreich mit der MySQL-Datenbank verbunden!
2025-04-18T21:49:39.516Z - info: [2025-04-18T21:49:39.516Z] Deacon_Saintjohn ist dem Server beigetreten.

2025-04-18T21:49:42.583Z - info: [2025-04-18T21:49:42.582Z] [playerReady] Deacon_Saintjohn SCID=S4G_gigatev19

2025-04-18T21:49:42.621Z - info: [2025-04-18T21:49:42.621Z] [playerReady] Existing account, registered=true

2025-04-18T21:49:42.635Z - info: [2025-04-18T21:49:42.634Z] [finishLogin] Deacon_Saintjohn SCID=S4G_gigatev19

2025-04-18T21:49:42.651Z - info: [2025-04-18T21:49:42.651Z] [finishLogin] Opening CharCreator for Deacon_Saintjohn

2025-04-18T21:49:42.814Z - info: [2025-04-18T21:49:42.814Z] [checkDiscordStatus] Deacon_Saintjohn SCID=S4G_gigatev19

2025-04-18T21:49:42.826Z - info: [2025-04-18T21:49:42.826Z] [checkDiscordStatus] registered=true

2025-04-18T21:49:42.851Z - info: [2025-04-18T21:49:42.850Z] [finishLogin] Deacon_Saintjohn SCID=S4G_gigatev19

2025-04-18T21:49:42.866Z - info: [2025-04-18T21:49:42.866Z] [finishLogin] Opening CharCreator for Deacon_Saintjohn

2025-04-18T21:53:24.824Z - info: [32m[DONE][0m "_rage-console" package has been loaded.
2025-04-18T21:53:24.825Z - info: [33m[INFO][0m Starting packages...
2025-04-18T21:53:24.825Z - info: [32m[DONE][0m Server packages have been started.
2025-04-18T21:53:24.826Z - info: [2025-04-18T21:53:24.826Z] [HTTP] OAuth‑Callback listener läuft auf Port 22005

2025-04-18T21:53:24.826Z - error: (node:30696) Warning: Accessing non-existent property 'padLevels' of module exports inside circular dependency
(Use `ragemp-server --trace-warnings ...` to show where the warning was created)
2025-04-18T21:53:24.973Z - info: Erfolgreich mit der MySQL-Datenbank verbunden!
2025-04-18T21:53:33.792Z - info: [2025-04-18T21:53:33.792Z] Deacon_Saintjohn ist dem Server beigetreten.

2025-04-18T21:53:36.609Z - info: [2025-04-18T21:53:36.609Z] [playerReady] Deacon_Saintjohn SCID=S4G_gigatev19

2025-04-18T21:53:36.655Z - info: [2025-04-18T21:53:36.655Z] [playerReady] Existing account, registered=true

2025-04-18T21:53:36.670Z - info: [2025-04-18T21:53:36.670Z] [finishLogin] Deacon_Saintjohn SCID=S4G_gigatev19

2025-04-18T21:53:36.671Z - info: [2025-04-18T21:53:36.671Z] [checkDiscordStatus] Deacon_Saintjohn SCID=S4G_gigatev19

2025-04-18T21:53:36.685Z - info: [2025-04-18T21:53:36.685Z] [finishLogin] Opening CharCreator for Deacon_Saintjohn

2025-04-18T21:53:36.713Z - info: [2025-04-18T21:53:36.713Z] [checkDiscordStatus] registered=true

2025-04-18T21:53:36.736Z - info: [2025-04-18T21:53:36.736Z] [finishLogin] Deacon_Saintjohn SCID=S4G_gigatev19

2025-04-18T21:53:36.752Z - info: [2025-04-18T21:53:36.750Z] [finishLogin] Opening CharCreator for Deacon_Saintjohn

2025-04-18T21:56:51.323Z - info: [32m[DONE][0m "_rage-console" package has been loaded.
2025-04-18T21:56:51.324Z - info: [33m[INFO][0m Starting packages...
2025-04-18T21:56:51.324Z - info: [32m[DONE][0m Server packages have been started.
2025-04-18T21:56:51.325Z - info: [2025-04-18T21:56:51.325Z] [HTTP] OAuth‑Callback listener läuft auf Port 22005

2025-04-18T21:56:51.325Z - error: (node:41856) Warning: Accessing non-existent property 'padLevels' of module exports inside circular dependency
(Use `ragemp-server --trace-warnings ...` to show where the warning was created)
2025-04-18T21:56:51.482Z - info: Erfolgreich mit der MySQL-Datenbank verbunden!
2025-04-18T21:56:58.613Z - info: [2025-04-18T21:56:58.613Z] Deacon_Saintjohn ist dem Server beigetreten.

2025-04-18T21:57:01.620Z - info: [2025-04-18T21:57:01.620Z] [playerReady] Deacon_Saintjohn SCID=S4G_gigatev19

2025-04-18T21:57:01.665Z - info: [2025-04-18T21:57:01.665Z] [playerReady] Existing account, registered=true

2025-04-18T21:57:01.680Z - info: [2025-04-18T21:57:01.680Z] [finishLogin] Deacon_Saintjohn SCID=S4G_gigatev19

2025-04-18T21:57:01.681Z - info: [2025-04-18T21:57:01.681Z] [checkDiscordStatus] Deacon_Saintjohn SCID=S4G_gigatev19

2025-04-18T21:57:01.691Z - info: [2025-04-18T21:57:01.691Z] [finishLogin] Opening CharCreator for Deacon_Saintjohn

2025-04-18T21:57:01.719Z - info: [2025-04-18T21:57:01.719Z] [checkDiscordStatus] registered=true

2025-04-18T21:57:01.732Z - info: [2025-04-18T21:57:01.732Z] [finishLogin] Deacon_Saintjohn SCID=S4G_gigatev19

2025-04-18T21:57:01.744Z - info: [2025-04-18T21:57:01.744Z] [finishLogin] Opening CharCreator for Deacon_Saintjohn

2025-04-18T21:58:38.799Z - info: [2025-04-18T21:58:38.799Z] Deacon_Saintjohn ist dem Server beigetreten.

2025-04-18T21:58:41.822Z - info: [2025-04-18T21:58:41.821Z] [playerReady] Deacon_Saintjohn SCID=S4G_gigatev19

2025-04-18T21:58:41.835Z - info: [2025-04-18T21:58:41.835Z] [playerReady] Existing account, registered=true

2025-04-18T21:58:41.849Z - info: [2025-04-18T21:58:41.849Z] [finishLogin] Deacon_Saintjohn SCID=S4G_gigatev19

2025-04-18T21:58:41.861Z - info: [2025-04-18T21:58:41.861Z] [finishLogin] Opening CharCreator for Deacon_Saintjohn

2025-04-18T21:58:42.055Z - info: [2025-04-18T21:58:42.055Z] [checkDiscordStatus] Deacon_Saintjohn SCID=S4G_gigatev19

2025-04-18T21:58:42.067Z - info: [2025-04-18T21:58:42.066Z] [checkDiscordStatus] registered=true

2025-04-18T21:58:42.091Z - info: [2025-04-18T21:58:42.090Z] [finishLogin] Deacon_Saintjohn SCID=S4G_gigatev19

2025-04-18T21:58:42.102Z - info: [2025-04-18T21:58:42.101Z] [finishLogin] Opening CharCreator for Deacon_Saintjohn

